[0.016s] Invoking command in '/home/kodi86/Documents/ros2-playground/dev_ws/build/turtlesim': CMAKE_PREFIX_PATH=/opt/ros/humble /usr/bin/cmake /home/kodi86/Documents/ros2-playground/dev_ws/src/ros_tutorials/turtlesim -DCMAKE_INSTALL_PREFIX=/home/kodi86/Documents/ros2-playground/dev_ws/install/turtlesim
[0.192s] -- The C compiler identification is GNU 11.2.0
[0.322s] -- The CXX compiler identification is GNU 11.2.0
[0.337s] -- Detecting C compiler ABI info
[0.451s] -- Detecting C compiler ABI info - done
[0.461s] -- Check for working C compiler: /usr/bin/cc - skipped
[0.462s] -- Detecting C compile features
[0.464s] -- Detecting C compile features - done
[0.468s] -- Detecting CXX compiler ABI info
[0.578s] -- Detecting CXX compiler ABI info - done
[0.584s] -- Check for working CXX compiler: /usr/bin/c++ - skipped
[0.585s] -- Detecting CXX compile features
[0.585s] -- Detecting CXX compile features - done
[0.589s] -- Found ament_cmake: 1.3.2 (/opt/ros/humble/share/ament_cmake/cmake)
[0.794s] -- Found Python3: /usr/bin/python3.10 (found version "3.10.4") found components: Interpreter 
[0.906s] -- Found ament_index_cpp: 1.4.0 (/opt/ros/humble/share/ament_index_cpp/cmake)
[0.909s] -- Found geometry_msgs: 4.2.2 (/opt/ros/humble/share/geometry_msgs/cmake)
[0.978s] -- Found rosidl_generator_c: 3.1.3 (/opt/ros/humble/share/rosidl_generator_c/cmake)
[0.987s] -- Found rosidl_adapter: 3.1.3 (/opt/ros/humble/share/rosidl_adapter/cmake)
[0.998s] -- Found rosidl_generator_cpp: 3.1.3 (/opt/ros/humble/share/rosidl_generator_cpp/cmake)
[1.024s] -- Using all available rosidl_typesupport_c: rosidl_typesupport_fastrtps_c;rosidl_typesupport_introspection_c
[1.059s] -- Using all available rosidl_typesupport_cpp: rosidl_typesupport_fastrtps_cpp;rosidl_typesupport_introspection_cpp
[1.238s] -- Found rclcpp: 16.0.1 (/opt/ros/humble/share/rclcpp/cmake)
[1.324s] -- Found rmw_implementation_cmake: 6.1.0 (/opt/ros/humble/share/rmw_implementation_cmake/cmake)
[1.330s] -- Found rmw_fastrtps_cpp: 6.2.1 (/opt/ros/humble/share/rmw_fastrtps_cpp/cmake)
[1.456s] -- Found OpenSSL: /usr/lib/x86_64-linux-gnu/libcrypto.so (found version "3.0.2")  
[1.483s] -- Found FastRTPS: /opt/ros/humble/include  
[1.527s] -- Using RMW implementation 'rmw_fastrtps_cpp' as default
[1.693s] -- Found rclcpp_action: 16.0.1 (/opt/ros/humble/share/rclcpp_action/cmake)
[1.816s] -- Found rosidl_default_generators: 1.2.0 (/opt/ros/humble/share/rosidl_default_generators/cmake)
[1.834s] -- Found std_srvs: 4.2.2 (/opt/ros/humble/share/std_srvs/cmake)
[2.209s] -- Found ament_cmake_ros: 0.10.0 (/opt/ros/humble/share/ament_cmake_ros/cmake)
[2.572s] -- Using all available rosidl_typesupport_c: rosidl_typesupport_fastrtps_c;rosidl_typesupport_introspection_c
[2.709s] -- Using all available rosidl_typesupport_cpp: rosidl_typesupport_fastrtps_cpp;rosidl_typesupport_introspection_cpp
[2.741s] -- Found PythonInterp: /usr/bin/python3 (found suitable version "3.10.4", minimum required is "3.6") 
[2.742s] -- Found python_cmake_module: 0.10.0 (/opt/ros/humble/share/python_cmake_module/cmake)
[2.770s] -- Found PythonLibs: /usr/lib/x86_64-linux-gnu/libpython3.10.so (found suitable version "3.10.4", minimum required is "3.5") 
[2.770s] -- Using PYTHON_EXECUTABLE: /usr/bin/python3
[2.770s] -- Using PYTHON_INCLUDE_DIRS: /usr/include/python3.10
[2.770s] -- Using PYTHON_LIBRARIES: /usr/lib/x86_64-linux-gnu/libpython3.10.so
[2.790s] -- Found PythonExtra: .so  
[2.860s] -- Configuring done
[2.945s] -- Generating done
[2.949s] -- Build files have been written to: /home/kodi86/Documents/ros2-playground/dev_ws/build/turtlesim
[2.966s] Invoked command in '/home/kodi86/Documents/ros2-playground/dev_ws/build/turtlesim' returned '0': CMAKE_PREFIX_PATH=/opt/ros/humble /usr/bin/cmake /home/kodi86/Documents/ros2-playground/dev_ws/src/ros_tutorials/turtlesim -DCMAKE_INSTALL_PREFIX=/home/kodi86/Documents/ros2-playground/dev_ws/install/turtlesim
[2.967s] Invoking command in '/home/kodi86/Documents/ros2-playground/dev_ws/build/turtlesim': CMAKE_PREFIX_PATH=/opt/ros/humble /usr/bin/cmake --build /home/kodi86/Documents/ros2-playground/dev_ws/build/turtlesim -- -j4 -l4
[3.011s] [  1%] [34m[1mGenerating C code for ROS interfaces[0m
[3.026s] [  2%] [34m[1mGenerating C++ code for ROS interfaces[0m
[3.049s] [  2%] Built target ament_cmake_python_copy_turtlesim
[3.489s] running egg_info
[3.490s] creating turtlesim.egg-info
[3.491s] writing turtlesim.egg-info/PKG-INFO
[3.491s] writing dependency_links to turtlesim.egg-info/dependency_links.txt
[3.492s] writing top-level names to turtlesim.egg-info/top_level.txt
[3.493s] writing manifest file 'turtlesim.egg-info/SOURCES.txt'
[3.499s] reading manifest file 'turtlesim.egg-info/SOURCES.txt'
[3.500s] writing manifest file 'turtlesim.egg-info/SOURCES.txt'
[3.554s] [  2%] Built target ament_cmake_python_build_turtlesim_egg
[4.712s] [  2%] Built target turtlesim__cpp
[4.758s] [  3%] [34m[1mGenerating C++ type support dispatch for ROS interfaces[0m
[4.817s] [  4%] [34m[1mGenerating C++ type support for eProsima Fast-RTPS[0m
[4.925s] [  5%] [34m[1mGenerating C++ introspection for ROS interfaces[0m
[4.966s] [  6%] [32mBuilding C object CMakeFiles/turtlesim__rosidl_generator_c.dir/rosidl_generator_c/turtlesim/action/detail/rotate_absolute__functions.c.o[0m
[5.291s] [  7%] [32mBuilding C object CMakeFiles/turtlesim__rosidl_generator_c.dir/rosidl_generator_c/turtlesim/msg/detail/color__functions.c.o[0m
[5.426s] [  8%] [32mBuilding C object CMakeFiles/turtlesim__rosidl_generator_c.dir/rosidl_generator_c/turtlesim/msg/detail/pose__functions.c.o[0m
[5.590s] [  9%] [32mBuilding C object CMakeFiles/turtlesim__rosidl_generator_c.dir/rosidl_generator_c/turtlesim/srv/detail/kill__functions.c.o[0m
[5.711s] [ 10%] [32mBuilding C object CMakeFiles/turtlesim__rosidl_generator_c.dir/rosidl_generator_c/turtlesim/srv/detail/set_pen__functions.c.o[0m
[5.870s] [ 11%] [32mBuilding C object CMakeFiles/turtlesim__rosidl_generator_c.dir/rosidl_generator_c/turtlesim/srv/detail/spawn__functions.c.o[0m
[6.052s] [ 12%] [32mBuilding C object CMakeFiles/turtlesim__rosidl_generator_c.dir/rosidl_generator_c/turtlesim/srv/detail/teleport_absolute__functions.c.o[0m
[6.183s] [ 13%] [32mBuilding C object CMakeFiles/turtlesim__rosidl_generator_c.dir/rosidl_generator_c/turtlesim/srv/detail/teleport_relative__functions.c.o[0m
[6.280s] [ 14%] [32mBuilding CXX object CMakeFiles/turtlesim__rosidl_typesupport_cpp.dir/rosidl_typesupport_cpp/turtlesim/action/rotate_absolute__type_support.cpp.o[0m
[6.295s] [ 15%] [32m[1mLinking C shared library libturtlesim__rosidl_generator_c.so[0m
[6.410s] [ 15%] Built target turtlesim__rosidl_generator_c
[6.450s] [ 16%] [34m[1mGenerating C type support for eProsima Fast-RTPS[0m
[6.778s] [ 17%] [32mBuilding CXX object CMakeFiles/turtlesim__rosidl_typesupport_introspection_cpp.dir/rosidl_typesupport_introspection_cpp/turtlesim/action/detail/rotate_absolute__type_support.cpp.o[0m
[6.924s] [ 18%] [32mBuilding CXX object CMakeFiles/turtlesim__rosidl_typesupport_fastrtps_cpp.dir/rosidl_typesupport_fastrtps_cpp/turtlesim/action/detail/dds_fastrtps/rotate_absolute__type_support.cpp.o[0m
[7.760s] [ 19%] [32mBuilding CXX object CMakeFiles/turtlesim__rosidl_typesupport_cpp.dir/rosidl_typesupport_cpp/turtlesim/msg/color__type_support.cpp.o[0m
[8.229s] [ 20%] [32mBuilding CXX object CMakeFiles/turtlesim__rosidl_typesupport_introspection_cpp.dir/rosidl_typesupport_introspection_cpp/turtlesim/msg/detail/color__type_support.cpp.o[0m
[8.298s] [ 22%] [32mBuilding CXX object CMakeFiles/turtlesim__rosidl_typesupport_cpp.dir/rosidl_typesupport_cpp/turtlesim/msg/pose__type_support.cpp.o[0m
[8.298s] [ 22%] [32mBuilding CXX object CMakeFiles/turtlesim__rosidl_typesupport_fastrtps_cpp.dir/rosidl_typesupport_fastrtps_cpp/turtlesim/msg/detail/dds_fastrtps/color__type_support.cpp.o[0m
[8.815s] [ 23%] [32mBuilding CXX object CMakeFiles/turtlesim__rosidl_typesupport_cpp.dir/rosidl_typesupport_cpp/turtlesim/srv/kill__type_support.cpp.o[0m
[9.015s] [ 24%] [32mBuilding CXX object CMakeFiles/turtlesim__rosidl_typesupport_fastrtps_c.dir/rosidl_typesupport_fastrtps_c/turtlesim/action/detail/rotate_absolute__type_support_c.cpp.o[0m
[9.063s] [ 25%] [32mBuilding CXX object CMakeFiles/turtlesim__rosidl_typesupport_introspection_cpp.dir/rosidl_typesupport_introspection_cpp/turtlesim/msg/detail/pose__type_support.cpp.o[0m
[9.220s] [ 26%] [32mBuilding CXX object CMakeFiles/turtlesim__rosidl_typesupport_fastrtps_cpp.dir/rosidl_typesupport_fastrtps_cpp/turtlesim/msg/detail/dds_fastrtps/pose__type_support.cpp.o[0m
[9.496s] [ 27%] [32mBuilding CXX object CMakeFiles/turtlesim__rosidl_typesupport_cpp.dir/rosidl_typesupport_cpp/turtlesim/srv/set_pen__type_support.cpp.o[0m
[9.810s] [ 28%] [32mBuilding CXX object CMakeFiles/turtlesim__rosidl_typesupport_introspection_cpp.dir/rosidl_typesupport_introspection_cpp/turtlesim/srv/detail/kill__type_support.cpp.o[0m
[9.841s] [ 29%] [32mBuilding CXX object CMakeFiles/turtlesim__rosidl_typesupport_fastrtps_c.dir/rosidl_typesupport_fastrtps_c/turtlesim/msg/detail/color__type_support_c.cpp.o[0m
[10.040s] [ 30%] [32mBuilding CXX object CMakeFiles/turtlesim__rosidl_typesupport_fastrtps_cpp.dir/rosidl_typesupport_fastrtps_cpp/turtlesim/srv/detail/dds_fastrtps/kill__type_support.cpp.o[0m
[10.345s] [ 31%] [32mBuilding CXX object CMakeFiles/turtlesim__rosidl_typesupport_cpp.dir/rosidl_typesupport_cpp/turtlesim/srv/spawn__type_support.cpp.o[0m
[10.600s] [ 32%] [32mBuilding CXX object CMakeFiles/turtlesim__rosidl_typesupport_introspection_cpp.dir/rosidl_typesupport_introspection_cpp/turtlesim/srv/detail/set_pen__type_support.cpp.o[0m
[10.753s] [ 33%] [32mBuilding CXX object CMakeFiles/turtlesim__rosidl_typesupport_fastrtps_c.dir/rosidl_typesupport_fastrtps_c/turtlesim/msg/detail/pose__type_support_c.cpp.o[0m
[10.802s] [ 34%] [32mBuilding CXX object CMakeFiles/turtlesim__rosidl_typesupport_fastrtps_cpp.dir/rosidl_typesupport_fastrtps_cpp/turtlesim/srv/detail/dds_fastrtps/set_pen__type_support.cpp.o[0m
[11.039s] [ 35%] [32mBuilding CXX object CMakeFiles/turtlesim__rosidl_typesupport_cpp.dir/rosidl_typesupport_cpp/turtlesim/srv/teleport_absolute__type_support.cpp.o[0m
[11.389s] [ 36%] [32mBuilding CXX object CMakeFiles/turtlesim__rosidl_typesupport_introspection_cpp.dir/rosidl_typesupport_introspection_cpp/turtlesim/srv/detail/spawn__type_support.cpp.o[0m
[11.488s] [ 37%] [32mBuilding CXX object CMakeFiles/turtlesim__rosidl_typesupport_fastrtps_c.dir/rosidl_typesupport_fastrtps_c/turtlesim/srv/detail/kill__type_support_c.cpp.o[0m
[11.634s] [ 38%] [32mBuilding CXX object CMakeFiles/turtlesim__rosidl_typesupport_cpp.dir/rosidl_typesupport_cpp/turtlesim/srv/teleport_relative__type_support.cpp.o[0m
[11.768s] [ 39%] [32mBuilding CXX object CMakeFiles/turtlesim__rosidl_typesupport_fastrtps_cpp.dir/rosidl_typesupport_fastrtps_cpp/turtlesim/srv/detail/dds_fastrtps/spawn__type_support.cpp.o[0m
[12.198s] [ 40%] [32mBuilding CXX object CMakeFiles/turtlesim__rosidl_typesupport_fastrtps_c.dir/rosidl_typesupport_fastrtps_c/turtlesim/srv/detail/set_pen__type_support_c.cpp.o[0m
[12.199s] [ 41%] [32m[1mLinking CXX shared library libturtlesim__rosidl_typesupport_cpp.so[0m
[12.268s] [ 42%] [32mBuilding CXX object CMakeFiles/turtlesim__rosidl_typesupport_introspection_cpp.dir/rosidl_typesupport_introspection_cpp/turtlesim/srv/detail/teleport_absolute__type_support.cpp.o[0m
[12.390s] [ 42%] Built target turtlesim__rosidl_typesupport_cpp
[12.424s] [ 43%] [32mBuilding CXX object CMakeFiles/turtlesim__rosidl_typesupport_introspection_cpp.dir/rosidl_typesupport_introspection_cpp/turtlesim/srv/detail/teleport_relative__type_support.cpp.o[0m
[12.672s] [ 44%] [32mBuilding CXX object CMakeFiles/turtlesim__rosidl_typesupport_fastrtps_cpp.dir/rosidl_typesupport_fastrtps_cpp/turtlesim/srv/detail/dds_fastrtps/teleport_absolute__type_support.cpp.o[0m
[13.055s] [ 45%] [32mBuilding CXX object CMakeFiles/turtlesim__rosidl_typesupport_fastrtps_c.dir/rosidl_typesupport_fastrtps_c/turtlesim/srv/detail/spawn__type_support_c.cpp.o[0m
[13.259s] [ 46%] [34m[1mGenerating C introspection for ROS interfaces[0m
[13.379s] [ 47%] [32m[1mLinking CXX shared library libturtlesim__rosidl_typesupport_introspection_cpp.so[0m
[13.712s] [ 47%] Built target turtlesim__rosidl_typesupport_introspection_cpp
[13.725s] [ 48%] [32mBuilding CXX object CMakeFiles/turtlesim__rosidl_typesupport_fastrtps_cpp.dir/rosidl_typesupport_fastrtps_cpp/turtlesim/srv/detail/dds_fastrtps/teleport_relative__type_support.cpp.o[0m
[13.735s] [ 49%] [34m[1mGenerating C type support dispatch for ROS interfaces[0m
[13.749s] [ 50%] [32mBuilding CXX object CMakeFiles/turtlesim__rosidl_typesupport_fastrtps_c.dir/rosidl_typesupport_fastrtps_c/turtlesim/srv/detail/teleport_absolute__type_support_c.cpp.o[0m
[14.442s] [ 51%] [32mBuilding CXX object CMakeFiles/turtlesim__rosidl_typesupport_fastrtps_c.dir/rosidl_typesupport_fastrtps_c/turtlesim/srv/detail/teleport_relative__type_support_c.cpp.o[0m
[14.626s] [ 52%] [32m[1mLinking CXX shared library libturtlesim__rosidl_typesupport_fastrtps_cpp.so[0m
[14.920s] [ 52%] Built target turtlesim__rosidl_typesupport_fastrtps_cpp
[14.966s] [ 53%] [34m[1mGenerating include/turtlesim/moc_turtle_frame.cpp[0m
[15.069s] [ 54%] [32mBuilding CXX object CMakeFiles/turtlesim__rosidl_typesupport_c.dir/rosidl_typesupport_c/turtlesim/action/rotate_absolute__type_support.cpp.o[0m
[15.166s] [ 55%] [32mBuilding CXX object CMakeFiles/turtlesim_node.dir/src/turtlesim.cpp.o[0m
[15.177s] [ 56%] [32mBuilding CXX object CMakeFiles/turtlesim__rosidl_typesupport_c.dir/rosidl_typesupport_c/turtlesim/msg/color__type_support.cpp.o[0m
[15.261s] [ 57%] [32mBuilding CXX object CMakeFiles/turtlesim__rosidl_typesupport_c.dir/rosidl_typesupport_c/turtlesim/msg/pose__type_support.cpp.o[0m
[15.390s] [ 58%] [32mBuilding CXX object CMakeFiles/turtlesim__rosidl_typesupport_c.dir/rosidl_typesupport_c/turtlesim/srv/kill__type_support.cpp.o[0m
[15.406s] [ 59%] [32m[1mLinking CXX shared library libturtlesim__rosidl_typesupport_fastrtps_c.so[0m
[15.413s] [ 60%] [32mBuilding C object CMakeFiles/turtlesim__rosidl_typesupport_introspection_c.dir/rosidl_typesupport_introspection_c/turtlesim/action/detail/rotate_absolute__type_support.c.o[0m
[15.470s] [ 61%] [32mBuilding CXX object CMakeFiles/turtlesim__rosidl_typesupport_c.dir/rosidl_typesupport_c/turtlesim/srv/set_pen__type_support.cpp.o[0m
[15.532s] [ 62%] [32mBuilding C object CMakeFiles/turtlesim__rosidl_typesupport_introspection_c.dir/rosidl_typesupport_introspection_c/turtlesim/msg/detail/color__type_support.c.o[0m
[15.587s] [ 63%] [32mBuilding CXX object CMakeFiles/turtlesim__rosidl_typesupport_c.dir/rosidl_typesupport_c/turtlesim/srv/spawn__type_support.cpp.o[0m
[15.588s] [ 64%] [32mBuilding C object CMakeFiles/turtlesim__rosidl_typesupport_introspection_c.dir/rosidl_typesupport_introspection_c/turtlesim/msg/detail/pose__type_support.c.o[0m
[15.631s] [ 64%] Built target turtlesim__rosidl_typesupport_fastrtps_c
[15.662s] [ 65%] [32mBuilding CXX object CMakeFiles/turtlesim__rosidl_typesupport_c.dir/rosidl_typesupport_c/turtlesim/srv/teleport_absolute__type_support.cpp.o[0m
[15.668s] [ 66%] [32mBuilding CXX object CMakeFiles/turtle_teleop_key.dir/tutorials/teleop_turtle_key.cpp.o[0m
[15.687s] [ 67%] [32mBuilding C object CMakeFiles/turtlesim__rosidl_typesupport_introspection_c.dir/rosidl_typesupport_introspection_c/turtlesim/srv/detail/kill__type_support.c.o[0m
[15.727s] [ 68%] [32mBuilding CXX object CMakeFiles/turtlesim__rosidl_typesupport_c.dir/rosidl_typesupport_c/turtlesim/srv/teleport_relative__type_support.cpp.o[0m
[15.776s] [ 69%] [32mBuilding C object CMakeFiles/turtlesim__rosidl_typesupport_introspection_c.dir/rosidl_typesupport_introspection_c/turtlesim/srv/detail/set_pen__type_support.c.o[0m
[15.794s] [ 70%] [32m[1mLinking CXX shared library libturtlesim__rosidl_typesupport_c.so[0m
[15.863s] [ 71%] [32mBuilding C object CMakeFiles/turtlesim__rosidl_typesupport_introspection_c.dir/rosidl_typesupport_introspection_c/turtlesim/srv/detail/spawn__type_support.c.o[0m
[15.949s] [ 71%] Built target turtlesim__rosidl_typesupport_c
[15.962s] [ 72%] [32mBuilding C object CMakeFiles/turtlesim__rosidl_typesupport_introspection_c.dir/rosidl_typesupport_introspection_c/turtlesim/srv/detail/teleport_absolute__type_support.c.o[0m
[16.023s] [ 73%] [32mBuilding CXX object CMakeFiles/draw_square.dir/tutorials/draw_square.cpp.o[0m
[16.093s] [ 74%] [32mBuilding C object CMakeFiles/turtlesim__rosidl_typesupport_introspection_c.dir/rosidl_typesupport_introspection_c/turtlesim/srv/detail/teleport_relative__type_support.c.o[0m
[16.259s] [ 75%] [32m[1mLinking C shared library libturtlesim__rosidl_typesupport_introspection_c.so[0m
[16.423s] [ 75%] Built target turtlesim__rosidl_typesupport_introspection_c
[16.466s] [ 76%] [32mBuilding CXX object CMakeFiles/turtlesim_node.dir/src/turtle.cpp.o[0m
[27.818s] [ 77%] [32mBuilding CXX object CMakeFiles/turtlesim_node.dir/src/turtle_frame.cpp.o[0m
[34.250s] [ 78%] [32m[1mLinking CXX executable turtle_teleop_key[0m
[35.451s] [ 78%] Built target turtle_teleop_key
[41.939s] [ 79%] [32m[1mLinking CXX executable draw_square[0m
[43.497s] [ 79%] Built target draw_square
[56.231s] [ 80%] [32mBuilding CXX object CMakeFiles/turtlesim_node.dir/include/turtlesim/moc_turtle_frame.cpp.o[0m
[63.809s] [ 81%] [32m[1mLinking CXX executable turtlesim_node[0m
[69.223s] [ 81%] Built target turtlesim_node
[69.253s] [ 81%] Built target turtlesim
[69.283s] [ 82%] [32mBuilding CXX object CMakeFiles/mimic.dir/tutorials/mimic.cpp.o[0m
[82.515s] [ 83%] [32m[1mLinking CXX executable mimic[0m
[83.138s] [ 83%] Built target mimic
[83.164s] [ 84%] [34m[1mGenerating Python code for ROS interfaces[0m
[85.654s] [ 84%] Built target turtlesim__py
[85.685s] [ 85%] [32mBuilding C object CMakeFiles/turtlesim__rosidl_generator_py.dir/rosidl_generator_py/turtlesim/action/_rotate_absolute_s.c.o[0m
[85.993s] [ 86%] [32mBuilding C object CMakeFiles/turtlesim__rosidl_generator_py.dir/rosidl_generator_py/turtlesim/srv/_kill_s.c.o[0m
[86.114s] [ 87%] [32mBuilding C object CMakeFiles/turtlesim__rosidl_generator_py.dir/rosidl_generator_py/turtlesim/srv/_set_pen_s.c.o[0m
[86.245s] [ 88%] [32mBuilding C object CMakeFiles/turtlesim__rosidl_generator_py.dir/rosidl_generator_py/turtlesim/srv/_spawn_s.c.o[0m
[86.380s] [ 89%] [32mBuilding C object CMakeFiles/turtlesim__rosidl_generator_py.dir/rosidl_generator_py/turtlesim/srv/_teleport_absolute_s.c.o[0m
[86.510s] [ 90%] [32mBuilding C object CMakeFiles/turtlesim__rosidl_generator_py.dir/rosidl_generator_py/turtlesim/srv/_teleport_relative_s.c.o[0m
[86.637s] [ 91%] [32mBuilding C object CMakeFiles/turtlesim__rosidl_generator_py.dir/rosidl_generator_py/turtlesim/msg/_pose_s.c.o[0m
[86.764s] [ 92%] [32mBuilding C object CMakeFiles/turtlesim__rosidl_generator_py.dir/rosidl_generator_py/turtlesim/msg/_color_s.c.o[0m
[86.892s] [ 93%] [32m[1mLinking C shared library rosidl_generator_py/turtlesim/libturtlesim__rosidl_generator_py.so[0m
[86.941s] [ 93%] Built target turtlesim__rosidl_generator_py
[86.963s] [ 94%] [32mBuilding C object CMakeFiles/turtlesim__rosidl_typesupport_fastrtps_c__pyext.dir/rosidl_generator_py/turtlesim/_turtlesim_s.ep.rosidl_typesupport_fastrtps_c.c.o[0m
[87.161s] [ 95%] [32m[1mLinking C shared library rosidl_generator_py/turtlesim/turtlesim_s__rosidl_typesupport_fastrtps_c.cpython-310-x86_64-linux-gnu.so[0m
[87.211s] [ 95%] Built target turtlesim__rosidl_typesupport_fastrtps_c__pyext
[87.233s] [ 96%] [32mBuilding C object CMakeFiles/turtlesim__rosidl_typesupport_c__pyext.dir/rosidl_generator_py/turtlesim/_turtlesim_s.ep.rosidl_typesupport_c.c.o[0m
[87.428s] [ 97%] [32m[1mLinking C shared library rosidl_generator_py/turtlesim/turtlesim_s__rosidl_typesupport_c.cpython-310-x86_64-linux-gnu.so[0m
[87.479s] [ 97%] Built target turtlesim__rosidl_typesupport_c__pyext
[87.507s] [ 98%] [32mBuilding C object CMakeFiles/turtlesim__rosidl_typesupport_introspection_c__pyext.dir/rosidl_generator_py/turtlesim/_turtlesim_s.ep.rosidl_typesupport_introspection_c.c.o[0m
[87.700s] [100%] [32m[1mLinking C shared library rosidl_generator_py/turtlesim/turtlesim_s__rosidl_typesupport_introspection_c.cpython-310-x86_64-linux-gnu.so[0m
[87.746s] [100%] Built target turtlesim__rosidl_typesupport_introspection_c__pyext
[87.759s] Invoked command in '/home/kodi86/Documents/ros2-playground/dev_ws/build/turtlesim' returned '0': CMAKE_PREFIX_PATH=/opt/ros/humble /usr/bin/cmake --build /home/kodi86/Documents/ros2-playground/dev_ws/build/turtlesim -- -j4 -l4
[87.992s] Invoking command in '/home/kodi86/Documents/ros2-playground/dev_ws/build/turtlesim': CMAKE_PREFIX_PATH=/opt/ros/humble /usr/bin/cmake --install /home/kodi86/Documents/ros2-playground/dev_ws/build/turtlesim
[88.005s] -- Install configuration: ""
[88.008s] -- Installing: /home/kodi86/Documents/ros2-playground/dev_ws/install/turtlesim/share/ament_index/resource_index/rosidl_interfaces/turtlesim
[88.008s] -- Installing: /home/kodi86/Documents/ros2-playground/dev_ws/install/turtlesim/include/turtlesim/turtlesim
[88.008s] -- Installing: /home/kodi86/Documents/ros2-playground/dev_ws/install/turtlesim/include/turtlesim/turtlesim/srv
[88.008s] -- Installing: /home/kodi86/Documents/ros2-playground/dev_ws/install/turtlesim/include/turtlesim/turtlesim/srv/spawn.h
[88.008s] -- Installing: /home/kodi86/Documents/ros2-playground/dev_ws/install/turtlesim/include/turtlesim/turtlesim/srv/teleport_absolute.h
[88.008s] -- Installing: /home/kodi86/Documents/ros2-playground/dev_ws/install/turtlesim/include/turtlesim/turtlesim/srv/teleport_relative.h
[88.008s] -- Installing: /home/kodi86/Documents/ros2-playground/dev_ws/install/turtlesim/include/turtlesim/turtlesim/srv/kill.h
[88.008s] -- Installing: /home/kodi86/Documents/ros2-playground/dev_ws/install/turtlesim/include/turtlesim/turtlesim/srv/detail
[88.008s] -- Installing: /home/kodi86/Documents/ros2-playground/dev_ws/install/turtlesim/include/turtlesim/turtlesim/srv/detail/spawn__functions.h
[88.008s] -- Installing: /home/kodi86/Documents/ros2-playground/dev_ws/install/turtlesim/include/turtlesim/turtlesim/srv/detail/spawn__type_support.h
[88.008s] -- Installing: /home/kodi86/Documents/ros2-playground/dev_ws/install/turtlesim/include/turtlesim/turtlesim/srv/detail/kill__functions.h
[88.012s] -- Installing: /home/kodi86/Documents/ros2-playground/dev_ws/install/turtlesim/include/turtlesim/turtlesim/srv/detail/kill__type_support.h
[88.012s] -- Installing: /home/kodi86/Documents/ros2-playground/dev_ws/install/turtlesim/include/turtlesim/turtlesim/srv/detail/kill__functions.c
[88.012s] -- Installing: /home/kodi86/Documents/ros2-playground/dev_ws/install/turtlesim/include/turtlesim/turtlesim/srv/detail/teleport_relative__functions.h
[88.012s] -- Installing: /home/kodi86/Documents/ros2-playground/dev_ws/install/turtlesim/include/turtlesim/turtlesim/srv/detail/set_pen__type_support.h
[88.012s] -- Installing: /home/kodi86/Documents/ros2-playground/dev_ws/install/turtlesim/include/turtlesim/turtlesim/srv/detail/teleport_absolute__functions.h
[88.012s] -- Installing: /home/kodi86/Documents/ros2-playground/dev_ws/install/turtlesim/include/turtlesim/turtlesim/srv/detail/set_pen__functions.h
[88.013s] -- Installing: /home/kodi86/Documents/ros2-playground/dev_ws/install/turtlesim/include/turtlesim/turtlesim/srv/detail/kill__struct.h
[88.013s] -- Installing: /home/kodi86/Documents/ros2-playground/dev_ws/install/turtlesim/include/turtlesim/turtlesim/srv/detail/teleport_relative__struct.h
[88.013s] -- Installing: /home/kodi86/Documents/ros2-playground/dev_ws/install/turtlesim/include/turtlesim/turtlesim/srv/detail/teleport_relative__type_support.h
[88.013s] -- Installing: /home/kodi86/Documents/ros2-playground/dev_ws/install/turtlesim/include/turtlesim/turtlesim/srv/detail/spawn__struct.h
[88.013s] -- Installing: /home/kodi86/Documents/ros2-playground/dev_ws/install/turtlesim/include/turtlesim/turtlesim/srv/detail/teleport_absolute__struct.h
[88.013s] -- Installing: /home/kodi86/Documents/ros2-playground/dev_ws/install/turtlesim/include/turtlesim/turtlesim/srv/detail/spawn__functions.c
[88.014s] -- Installing: /home/kodi86/Documents/ros2-playground/dev_ws/install/turtlesim/include/turtlesim/turtlesim/srv/detail/teleport_absolute__type_support.h
[88.014s] -- Installing: /home/kodi86/Documents/ros2-playground/dev_ws/install/turtlesim/include/turtlesim/turtlesim/srv/detail/teleport_absolute__functions.c
[88.014s] -- Installing: /home/kodi86/Documents/ros2-playground/dev_ws/install/turtlesim/include/turtlesim/turtlesim/srv/detail/teleport_relative__functions.c
[88.014s] -- Installing: /home/kodi86/Documents/ros2-playground/dev_ws/install/turtlesim/include/turtlesim/turtlesim/srv/detail/set_pen__functions.c
[88.014s] -- Installing: /home/kodi86/Documents/ros2-playground/dev_ws/install/turtlesim/include/turtlesim/turtlesim/srv/detail/set_pen__struct.h
[88.015s] -- Installing: /home/kodi86/Documents/ros2-playground/dev_ws/install/turtlesim/include/turtlesim/turtlesim/srv/set_pen.h
[88.015s] -- Installing: /home/kodi86/Documents/ros2-playground/dev_ws/install/turtlesim/include/turtlesim/turtlesim/action
[88.015s] -- Installing: /home/kodi86/Documents/ros2-playground/dev_ws/install/turtlesim/include/turtlesim/turtlesim/action/detail
[88.015s] -- Installing: /home/kodi86/Documents/ros2-playground/dev_ws/install/turtlesim/include/turtlesim/turtlesim/action/detail/rotate_absolute__functions.h
[88.015s] -- Installing: /home/kodi86/Documents/ros2-playground/dev_ws/install/turtlesim/include/turtlesim/turtlesim/action/detail/rotate_absolute__type_support.h
[88.015s] -- Installing: /home/kodi86/Documents/ros2-playground/dev_ws/install/turtlesim/include/turtlesim/turtlesim/action/detail/rotate_absolute__struct.h
[88.015s] -- Installing: /home/kodi86/Documents/ros2-playground/dev_ws/install/turtlesim/include/turtlesim/turtlesim/action/detail/rotate_absolute__functions.c
[88.015s] -- Installing: /home/kodi86/Documents/ros2-playground/dev_ws/install/turtlesim/include/turtlesim/turtlesim/action/rotate_absolute.h
[88.015s] -- Installing: /home/kodi86/Documents/ros2-playground/dev_ws/install/turtlesim/include/turtlesim/turtlesim/msg
[88.015s] -- Installing: /home/kodi86/Documents/ros2-playground/dev_ws/install/turtlesim/include/turtlesim/turtlesim/msg/detail
[88.015s] -- Installing: /home/kodi86/Documents/ros2-playground/dev_ws/install/turtlesim/include/turtlesim/turtlesim/msg/detail/pose__type_support.h
[88.016s] -- Installing: /home/kodi86/Documents/ros2-playground/dev_ws/install/turtlesim/include/turtlesim/turtlesim/msg/detail/color__struct.h
[88.016s] -- Installing: /home/kodi86/Documents/ros2-playground/dev_ws/install/turtlesim/include/turtlesim/turtlesim/msg/detail/pose__functions.c
[88.016s] -- Installing: /home/kodi86/Documents/ros2-playground/dev_ws/install/turtlesim/include/turtlesim/turtlesim/msg/detail/color__type_support.h
[88.016s] -- Installing: /home/kodi86/Documents/ros2-playground/dev_ws/install/turtlesim/include/turtlesim/turtlesim/msg/detail/color__functions.c
[88.016s] -- Installing: /home/kodi86/Documents/ros2-playground/dev_ws/install/turtlesim/include/turtlesim/turtlesim/msg/detail/pose__functions.h
[88.016s] -- Installing: /home/kodi86/Documents/ros2-playground/dev_ws/install/turtlesim/include/turtlesim/turtlesim/msg/detail/color__functions.h
[88.016s] -- Installing: /home/kodi86/Documents/ros2-playground/dev_ws/install/turtlesim/include/turtlesim/turtlesim/msg/detail/pose__struct.h
[88.016s] -- Installing: /home/kodi86/Documents/ros2-playground/dev_ws/install/turtlesim/include/turtlesim/turtlesim/msg/pose.h
[88.016s] -- Installing: /home/kodi86/Documents/ros2-playground/dev_ws/install/turtlesim/include/turtlesim/turtlesim/msg/color.h
[88.016s] -- Installing: /home/kodi86/Documents/ros2-playground/dev_ws/install/turtlesim/include/turtlesim/turtlesim/msg/rosidl_generator_c__visibility_control.h
[88.016s] -- Installing: /home/kodi86/Documents/ros2-playground/dev_ws/install/turtlesim/share/turtlesim/environment/library_path.sh
[88.016s] -- Installing: /home/kodi86/Documents/ros2-playground/dev_ws/install/turtlesim/share/turtlesim/environment/library_path.dsv
[88.017s] -- Installing: /home/kodi86/Documents/ros2-playground/dev_ws/install/turtlesim/lib/libturtlesim__rosidl_generator_c.so
[88.017s] -- Set runtime path of "/home/kodi86/Documents/ros2-playground/dev_ws/install/turtlesim/lib/libturtlesim__rosidl_generator_c.so" to ""
[88.017s] -- Up-to-date: /home/kodi86/Documents/ros2-playground/dev_ws/install/turtlesim/include/turtlesim/turtlesim
[88.017s] -- Up-to-date: /home/kodi86/Documents/ros2-playground/dev_ws/install/turtlesim/include/turtlesim/turtlesim/srv
[88.017s] -- Up-to-date: /home/kodi86/Documents/ros2-playground/dev_ws/install/turtlesim/include/turtlesim/turtlesim/srv/detail
[88.017s] -- Installing: /home/kodi86/Documents/ros2-playground/dev_ws/install/turtlesim/include/turtlesim/turtlesim/srv/detail/kill__rosidl_typesupport_fastrtps_c.h
[88.018s] -- Installing: /home/kodi86/Documents/ros2-playground/dev_ws/install/turtlesim/include/turtlesim/turtlesim/srv/detail/spawn__rosidl_typesupport_fastrtps_c.h
[88.018s] -- Installing: /home/kodi86/Documents/ros2-playground/dev_ws/install/turtlesim/include/turtlesim/turtlesim/srv/detail/set_pen__rosidl_typesupport_fastrtps_c.h
[88.018s] -- Installing: /home/kodi86/Documents/ros2-playground/dev_ws/install/turtlesim/include/turtlesim/turtlesim/srv/detail/teleport_absolute__rosidl_typesupport_fastrtps_c.h
[88.018s] -- Installing: /home/kodi86/Documents/ros2-playground/dev_ws/install/turtlesim/include/turtlesim/turtlesim/srv/detail/teleport_relative__rosidl_typesupport_fastrtps_c.h
[88.018s] -- Up-to-date: /home/kodi86/Documents/ros2-playground/dev_ws/install/turtlesim/include/turtlesim/turtlesim/action
[88.018s] -- Up-to-date: /home/kodi86/Documents/ros2-playground/dev_ws/install/turtlesim/include/turtlesim/turtlesim/action/detail
[88.019s] -- Installing: /home/kodi86/Documents/ros2-playground/dev_ws/install/turtlesim/include/turtlesim/turtlesim/action/detail/rotate_absolute__rosidl_typesupport_fastrtps_c.h
[88.019s] -- Up-to-date: /home/kodi86/Documents/ros2-playground/dev_ws/install/turtlesim/include/turtlesim/turtlesim/msg
[88.019s] -- Installing: /home/kodi86/Documents/ros2-playground/dev_ws/install/turtlesim/include/turtlesim/turtlesim/msg/rosidl_typesupport_fastrtps_c__visibility_control.h
[88.019s] -- Up-to-date: /home/kodi86/Documents/ros2-playground/dev_ws/install/turtlesim/include/turtlesim/turtlesim/msg/detail
[88.019s] -- Installing: /home/kodi86/Documents/ros2-playground/dev_ws/install/turtlesim/include/turtlesim/turtlesim/msg/detail/pose__rosidl_typesupport_fastrtps_c.h
[88.019s] -- Installing: /home/kodi86/Documents/ros2-playground/dev_ws/install/turtlesim/include/turtlesim/turtlesim/msg/detail/color__rosidl_typesupport_fastrtps_c.h
[88.019s] -- Installing: /home/kodi86/Documents/ros2-playground/dev_ws/install/turtlesim/lib/libturtlesim__rosidl_typesupport_fastrtps_c.so
[88.020s] -- Set runtime path of "/home/kodi86/Documents/ros2-playground/dev_ws/install/turtlesim/lib/libturtlesim__rosidl_typesupport_fastrtps_c.so" to ""
[88.020s] -- Up-to-date: /home/kodi86/Documents/ros2-playground/dev_ws/install/turtlesim/include/turtlesim/turtlesim
[88.020s] -- Up-to-date: /home/kodi86/Documents/ros2-playground/dev_ws/install/turtlesim/include/turtlesim/turtlesim/srv
[88.020s] -- Installing: /home/kodi86/Documents/ros2-playground/dev_ws/install/turtlesim/include/turtlesim/turtlesim/srv/teleport_relative.hpp
[88.021s] -- Installing: /home/kodi86/Documents/ros2-playground/dev_ws/install/turtlesim/include/turtlesim/turtlesim/srv/spawn.hpp
[88.021s] -- Installing: /home/kodi86/Documents/ros2-playground/dev_ws/install/turtlesim/include/turtlesim/turtlesim/srv/teleport_absolute.hpp
[88.021s] -- Up-to-date: /home/kodi86/Documents/ros2-playground/dev_ws/install/turtlesim/include/turtlesim/turtlesim/srv/detail
[88.021s] -- Installing: /home/kodi86/Documents/ros2-playground/dev_ws/install/turtlesim/include/turtlesim/turtlesim/srv/detail/teleport_absolute__builder.hpp
[88.023s] -- Installing: /home/kodi86/Documents/ros2-playground/dev_ws/install/turtlesim/include/turtlesim/turtlesim/srv/detail/teleport_relative__traits.hpp
[88.023s] -- Installing: /home/kodi86/Documents/ros2-playground/dev_ws/install/turtlesim/include/turtlesim/turtlesim/srv/detail/spawn__struct.hpp
[88.024s] -- Installing: /home/kodi86/Documents/ros2-playground/dev_ws/install/turtlesim/include/turtlesim/turtlesim/srv/detail/set_pen__builder.hpp
[88.024s] -- Installing: /home/kodi86/Documents/ros2-playground/dev_ws/install/turtlesim/include/turtlesim/turtlesim/srv/detail/spawn__traits.hpp
[88.024s] -- Installing: /home/kodi86/Documents/ros2-playground/dev_ws/install/turtlesim/include/turtlesim/turtlesim/srv/detail/set_pen__traits.hpp
[88.024s] -- Installing: /home/kodi86/Documents/ros2-playground/dev_ws/install/turtlesim/include/turtlesim/turtlesim/srv/detail/kill__builder.hpp
[88.024s] -- Installing: /home/kodi86/Documents/ros2-playground/dev_ws/install/turtlesim/include/turtlesim/turtlesim/srv/detail/teleport_absolute__traits.hpp
[88.024s] -- Installing: /home/kodi86/Documents/ros2-playground/dev_ws/install/turtlesim/include/turtlesim/turtlesim/srv/detail/kill__struct.hpp
[88.024s] -- Installing: /home/kodi86/Documents/ros2-playground/dev_ws/install/turtlesim/include/turtlesim/turtlesim/srv/detail/teleport_absolute__struct.hpp
[88.024s] -- Installing: /home/kodi86/Documents/ros2-playground/dev_ws/install/turtlesim/include/turtlesim/turtlesim/srv/detail/teleport_relative__builder.hpp
[88.024s] -- Installing: /home/kodi86/Documents/ros2-playground/dev_ws/install/turtlesim/include/turtlesim/turtlesim/srv/detail/teleport_relative__struct.hpp
[88.025s] -- Installing: /home/kodi86/Documents/ros2-playground/dev_ws/install/turtlesim/include/turtlesim/turtlesim/srv/detail/spawn__builder.hpp
[88.025s] -- Installing: /home/kodi86/Documents/ros2-playground/dev_ws/install/turtlesim/include/turtlesim/turtlesim/srv/detail/kill__traits.hpp
[88.025s] -- Installing: /home/kodi86/Documents/ros2-playground/dev_ws/install/turtlesim/include/turtlesim/turtlesim/srv/detail/set_pen__struct.hpp
[88.025s] -- Installing: /home/kodi86/Documents/ros2-playground/dev_ws/install/turtlesim/include/turtlesim/turtlesim/srv/set_pen.hpp
[88.025s] -- Installing: /home/kodi86/Documents/ros2-playground/dev_ws/install/turtlesim/include/turtlesim/turtlesim/srv/kill.hpp
[88.025s] -- Up-to-date: /home/kodi86/Documents/ros2-playground/dev_ws/install/turtlesim/include/turtlesim/turtlesim/action
[88.025s] -- Up-to-date: /home/kodi86/Documents/ros2-playground/dev_ws/install/turtlesim/include/turtlesim/turtlesim/action/detail
[88.025s] -- Installing: /home/kodi86/Documents/ros2-playground/dev_ws/install/turtlesim/include/turtlesim/turtlesim/action/detail/rotate_absolute__struct.hpp
[88.025s] -- Installing: /home/kodi86/Documents/ros2-playground/dev_ws/install/turtlesim/include/turtlesim/turtlesim/action/detail/rotate_absolute__builder.hpp
[88.026s] -- Installing: /home/kodi86/Documents/ros2-playground/dev_ws/install/turtlesim/include/turtlesim/turtlesim/action/detail/rotate_absolute__traits.hpp
[88.026s] -- Installing: /home/kodi86/Documents/ros2-playground/dev_ws/install/turtlesim/include/turtlesim/turtlesim/action/rotate_absolute.hpp
[88.026s] -- Up-to-date: /home/kodi86/Documents/ros2-playground/dev_ws/install/turtlesim/include/turtlesim/turtlesim/msg
[88.026s] -- Installing: /home/kodi86/Documents/ros2-playground/dev_ws/install/turtlesim/include/turtlesim/turtlesim/msg/pose.hpp
[88.026s] -- Installing: /home/kodi86/Documents/ros2-playground/dev_ws/install/turtlesim/include/turtlesim/turtlesim/msg/color.hpp
[88.026s] -- Up-to-date: /home/kodi86/Documents/ros2-playground/dev_ws/install/turtlesim/include/turtlesim/turtlesim/msg/detail
[88.026s] -- Installing: /home/kodi86/Documents/ros2-playground/dev_ws/install/turtlesim/include/turtlesim/turtlesim/msg/detail/color__builder.hpp
[88.026s] -- Installing: /home/kodi86/Documents/ros2-playground/dev_ws/install/turtlesim/include/turtlesim/turtlesim/msg/detail/pose__struct.hpp
[88.027s] -- Installing: /home/kodi86/Documents/ros2-playground/dev_ws/install/turtlesim/include/turtlesim/turtlesim/msg/detail/color__traits.hpp
[88.027s] -- Installing: /home/kodi86/Documents/ros2-playground/dev_ws/install/turtlesim/include/turtlesim/turtlesim/msg/detail/color__struct.hpp
[88.027s] -- Installing: /home/kodi86/Documents/ros2-playground/dev_ws/install/turtlesim/include/turtlesim/turtlesim/msg/detail/pose__builder.hpp
[88.027s] -- Installing: /home/kodi86/Documents/ros2-playground/dev_ws/install/turtlesim/include/turtlesim/turtlesim/msg/detail/pose__traits.hpp
[88.027s] -- Up-to-date: /home/kodi86/Documents/ros2-playground/dev_ws/install/turtlesim/include/turtlesim/turtlesim
[88.027s] -- Up-to-date: /home/kodi86/Documents/ros2-playground/dev_ws/install/turtlesim/include/turtlesim/turtlesim/srv
[88.027s] -- Up-to-date: /home/kodi86/Documents/ros2-playground/dev_ws/install/turtlesim/include/turtlesim/turtlesim/srv/detail
[88.027s] -- Installing: /home/kodi86/Documents/ros2-playground/dev_ws/install/turtlesim/include/turtlesim/turtlesim/srv/detail/teleport_absolute__rosidl_typesupport_fastrtps_cpp.hpp
[88.028s] -- Installing: /home/kodi86/Documents/ros2-playground/dev_ws/install/turtlesim/include/turtlesim/turtlesim/srv/detail/teleport_relative__rosidl_typesupport_fastrtps_cpp.hpp
[88.028s] -- Installing: /home/kodi86/Documents/ros2-playground/dev_ws/install/turtlesim/include/turtlesim/turtlesim/srv/detail/kill__rosidl_typesupport_fastrtps_cpp.hpp
[88.028s] -- Installing: /home/kodi86/Documents/ros2-playground/dev_ws/install/turtlesim/include/turtlesim/turtlesim/srv/detail/set_pen__rosidl_typesupport_fastrtps_cpp.hpp
[88.028s] -- Installing: /home/kodi86/Documents/ros2-playground/dev_ws/install/turtlesim/include/turtlesim/turtlesim/srv/detail/dds_fastrtps
[88.028s] -- Installing: /home/kodi86/Documents/ros2-playground/dev_ws/install/turtlesim/include/turtlesim/turtlesim/srv/detail/spawn__rosidl_typesupport_fastrtps_cpp.hpp
[88.028s] -- Up-to-date: /home/kodi86/Documents/ros2-playground/dev_ws/install/turtlesim/include/turtlesim/turtlesim/action
[88.028s] -- Up-to-date: /home/kodi86/Documents/ros2-playground/dev_ws/install/turtlesim/include/turtlesim/turtlesim/action/detail
[88.029s] -- Installing: /home/kodi86/Documents/ros2-playground/dev_ws/install/turtlesim/include/turtlesim/turtlesim/action/detail/rotate_absolute__rosidl_typesupport_fastrtps_cpp.hpp
[88.029s] -- Installing: /home/kodi86/Documents/ros2-playground/dev_ws/install/turtlesim/include/turtlesim/turtlesim/action/detail/dds_fastrtps
[88.029s] -- Up-to-date: /home/kodi86/Documents/ros2-playground/dev_ws/install/turtlesim/include/turtlesim/turtlesim/msg
[88.029s] -- Up-to-date: /home/kodi86/Documents/ros2-playground/dev_ws/install/turtlesim/include/turtlesim/turtlesim/msg/detail
[88.029s] -- Installing: /home/kodi86/Documents/ros2-playground/dev_ws/install/turtlesim/include/turtlesim/turtlesim/msg/detail/pose__rosidl_typesupport_fastrtps_cpp.hpp
[88.029s] -- Installing: /home/kodi86/Documents/ros2-playground/dev_ws/install/turtlesim/include/turtlesim/turtlesim/msg/detail/color__rosidl_typesupport_fastrtps_cpp.hpp
[88.029s] -- Installing: /home/kodi86/Documents/ros2-playground/dev_ws/install/turtlesim/include/turtlesim/turtlesim/msg/detail/dds_fastrtps
[88.029s] -- Installing: /home/kodi86/Documents/ros2-playground/dev_ws/install/turtlesim/include/turtlesim/turtlesim/msg/rosidl_typesupport_fastrtps_cpp__visibility_control.h
[88.029s] -- Installing: /home/kodi86/Documents/ros2-playground/dev_ws/install/turtlesim/lib/libturtlesim__rosidl_typesupport_fastrtps_cpp.so
[88.030s] -- Set runtime path of "/home/kodi86/Documents/ros2-playground/dev_ws/install/turtlesim/lib/libturtlesim__rosidl_typesupport_fastrtps_cpp.so" to ""
[88.030s] -- Up-to-date: /home/kodi86/Documents/ros2-playground/dev_ws/install/turtlesim/include/turtlesim/turtlesim
[88.030s] -- Up-to-date: /home/kodi86/Documents/ros2-playground/dev_ws/install/turtlesim/include/turtlesim/turtlesim/srv
[88.030s] -- Up-to-date: /home/kodi86/Documents/ros2-playground/dev_ws/install/turtlesim/include/turtlesim/turtlesim/srv/detail
[88.030s] -- Installing: /home/kodi86/Documents/ros2-playground/dev_ws/install/turtlesim/include/turtlesim/turtlesim/srv/detail/teleport_absolute__type_support.c
[88.031s] -- Installing: /home/kodi86/Documents/ros2-playground/dev_ws/install/turtlesim/include/turtlesim/turtlesim/srv/detail/teleport_relative__rosidl_typesupport_introspection_c.h
[88.031s] -- Installing: /home/kodi86/Documents/ros2-playground/dev_ws/install/turtlesim/include/turtlesim/turtlesim/srv/detail/spawn__rosidl_typesupport_introspection_c.h
[88.031s] -- Installing: /home/kodi86/Documents/ros2-playground/dev_ws/install/turtlesim/include/turtlesim/turtlesim/srv/detail/teleport_absolute__rosidl_typesupport_introspection_c.h
[88.031s] -- Installing: /home/kodi86/Documents/ros2-playground/dev_ws/install/turtlesim/include/turtlesim/turtlesim/srv/detail/kill__rosidl_typesupport_introspection_c.h
[88.031s] -- Installing: /home/kodi86/Documents/ros2-playground/dev_ws/install/turtlesim/include/turtlesim/turtlesim/srv/detail/set_pen__type_support.c
[88.032s] -- Installing: /home/kodi86/Documents/ros2-playground/dev_ws/install/turtlesim/include/turtlesim/turtlesim/srv/detail/set_pen__rosidl_typesupport_introspection_c.h
[88.032s] -- Installing: /home/kodi86/Documents/ros2-playground/dev_ws/install/turtlesim/include/turtlesim/turtlesim/srv/detail/spawn__type_support.c
[88.032s] -- Installing: /home/kodi86/Documents/ros2-playground/dev_ws/install/turtlesim/include/turtlesim/turtlesim/srv/detail/teleport_relative__type_support.c
[88.032s] -- Installing: /home/kodi86/Documents/ros2-playground/dev_ws/install/turtlesim/include/turtlesim/turtlesim/srv/detail/kill__type_support.c
[88.033s] -- Up-to-date: /home/kodi86/Documents/ros2-playground/dev_ws/install/turtlesim/include/turtlesim/turtlesim/action
[88.033s] -- Up-to-date: /home/kodi86/Documents/ros2-playground/dev_ws/install/turtlesim/include/turtlesim/turtlesim/action/detail
[88.033s] -- Installing: /home/kodi86/Documents/ros2-playground/dev_ws/install/turtlesim/include/turtlesim/turtlesim/action/detail/rotate_absolute__rosidl_typesupport_introspection_c.h
[88.033s] -- Installing: /home/kodi86/Documents/ros2-playground/dev_ws/install/turtlesim/include/turtlesim/turtlesim/action/detail/rotate_absolute__type_support.c
[88.033s] -- Up-to-date: /home/kodi86/Documents/ros2-playground/dev_ws/install/turtlesim/include/turtlesim/turtlesim/msg
[88.033s] -- Up-to-date: /home/kodi86/Documents/ros2-playground/dev_ws/install/turtlesim/include/turtlesim/turtlesim/msg/detail
[88.034s] -- Installing: /home/kodi86/Documents/ros2-playground/dev_ws/install/turtlesim/include/turtlesim/turtlesim/msg/detail/pose__rosidl_typesupport_introspection_c.h
[88.034s] -- Installing: /home/kodi86/Documents/ros2-playground/dev_ws/install/turtlesim/include/turtlesim/turtlesim/msg/detail/color__type_support.c
[88.034s] -- Installing: /home/kodi86/Documents/ros2-playground/dev_ws/install/turtlesim/include/turtlesim/turtlesim/msg/detail/pose__type_support.c
[88.034s] -- Installing: /home/kodi86/Documents/ros2-playground/dev_ws/install/turtlesim/include/turtlesim/turtlesim/msg/detail/color__rosidl_typesupport_introspection_c.h
[88.035s] -- Installing: /home/kodi86/Documents/ros2-playground/dev_ws/install/turtlesim/include/turtlesim/turtlesim/msg/rosidl_typesupport_introspection_c__visibility_control.h
[88.035s] -- Installing: /home/kodi86/Documents/ros2-playground/dev_ws/install/turtlesim/lib/libturtlesim__rosidl_typesupport_introspection_c.so
[88.035s] -- Set runtime path of "/home/kodi86/Documents/ros2-playground/dev_ws/install/turtlesim/lib/libturtlesim__rosidl_typesupport_introspection_c.so" to ""
[88.036s] -- Installing: /home/kodi86/Documents/ros2-playground/dev_ws/install/turtlesim/lib/libturtlesim__rosidl_typesupport_c.so
[88.037s] -- Set runtime path of "/home/kodi86/Documents/ros2-playground/dev_ws/install/turtlesim/lib/libturtlesim__rosidl_typesupport_c.so" to ""
[88.039s] -- Up-to-date: /home/kodi86/Documents/ros2-playground/dev_ws/install/turtlesim/include/turtlesim/turtlesim
[88.040s] -- Up-to-date: /home/kodi86/Documents/ros2-playground/dev_ws/install/turtlesim/include/turtlesim/turtlesim/srv
[88.040s] -- Up-to-date: /home/kodi86/Documents/ros2-playground/dev_ws/install/turtlesim/include/turtlesim/turtlesim/srv/detail
[88.041s] -- Installing: /home/kodi86/Documents/ros2-playground/dev_ws/install/turtlesim/include/turtlesim/turtlesim/srv/detail/kill__rosidl_typesupport_introspection_cpp.hpp
[88.041s] -- Installing: /home/kodi86/Documents/ros2-playground/dev_ws/install/turtlesim/include/turtlesim/turtlesim/srv/detail/teleport_relative__rosidl_typesupport_introspection_cpp.hpp
[88.041s] -- Installing: /home/kodi86/Documents/ros2-playground/dev_ws/install/turtlesim/include/turtlesim/turtlesim/srv/detail/set_pen__rosidl_typesupport_introspection_cpp.hpp
[88.041s] -- Installing: /home/kodi86/Documents/ros2-playground/dev_ws/install/turtlesim/include/turtlesim/turtlesim/srv/detail/set_pen__type_support.cpp
[88.042s] -- Installing: /home/kodi86/Documents/ros2-playground/dev_ws/install/turtlesim/include/turtlesim/turtlesim/srv/detail/spawn__type_support.cpp
[88.042s] -- Installing: /home/kodi86/Documents/ros2-playground/dev_ws/install/turtlesim/include/turtlesim/turtlesim/srv/detail/teleport_relative__type_support.cpp
[88.042s] -- Installing: /home/kodi86/Documents/ros2-playground/dev_ws/install/turtlesim/include/turtlesim/turtlesim/srv/detail/teleport_absolute__rosidl_typesupport_introspection_cpp.hpp
[88.042s] -- Installing: /home/kodi86/Documents/ros2-playground/dev_ws/install/turtlesim/include/turtlesim/turtlesim/srv/detail/kill__type_support.cpp
[88.042s] -- Installing: /home/kodi86/Documents/ros2-playground/dev_ws/install/turtlesim/include/turtlesim/turtlesim/srv/detail/spawn__rosidl_typesupport_introspection_cpp.hpp
[88.042s] -- Installing: /home/kodi86/Documents/ros2-playground/dev_ws/install/turtlesim/include/turtlesim/turtlesim/srv/detail/teleport_absolute__type_support.cpp
[88.042s] -- Up-to-date: /home/kodi86/Documents/ros2-playground/dev_ws/install/turtlesim/include/turtlesim/turtlesim/action
[88.042s] -- Up-to-date: /home/kodi86/Documents/ros2-playground/dev_ws/install/turtlesim/include/turtlesim/turtlesim/action/detail
[88.042s] -- Installing: /home/kodi86/Documents/ros2-playground/dev_ws/install/turtlesim/include/turtlesim/turtlesim/action/detail/rotate_absolute__rosidl_typesupport_introspection_cpp.hpp
[88.043s] -- Installing: /home/kodi86/Documents/ros2-playground/dev_ws/install/turtlesim/include/turtlesim/turtlesim/action/detail/rotate_absolute__type_support.cpp
[88.043s] -- Up-to-date: /home/kodi86/Documents/ros2-playground/dev_ws/install/turtlesim/include/turtlesim/turtlesim/msg
[88.043s] -- Up-to-date: /home/kodi86/Documents/ros2-playground/dev_ws/install/turtlesim/include/turtlesim/turtlesim/msg/detail
[88.043s] -- Installing: /home/kodi86/Documents/ros2-playground/dev_ws/install/turtlesim/include/turtlesim/turtlesim/msg/detail/color__rosidl_typesupport_introspection_cpp.hpp
[88.043s] -- Installing: /home/kodi86/Documents/ros2-playground/dev_ws/install/turtlesim/include/turtlesim/turtlesim/msg/detail/color__type_support.cpp
[88.043s] -- Installing: /home/kodi86/Documents/ros2-playground/dev_ws/install/turtlesim/include/turtlesim/turtlesim/msg/detail/pose__rosidl_typesupport_introspection_cpp.hpp
[88.043s] -- Installing: /home/kodi86/Documents/ros2-playground/dev_ws/install/turtlesim/include/turtlesim/turtlesim/msg/detail/pose__type_support.cpp
[88.043s] -- Installing: /home/kodi86/Documents/ros2-playground/dev_ws/install/turtlesim/lib/libturtlesim__rosidl_typesupport_introspection_cpp.so
[88.045s] -- Set runtime path of "/home/kodi86/Documents/ros2-playground/dev_ws/install/turtlesim/lib/libturtlesim__rosidl_typesupport_introspection_cpp.so" to ""
[88.045s] -- Installing: /home/kodi86/Documents/ros2-playground/dev_ws/install/turtlesim/lib/libturtlesim__rosidl_typesupport_cpp.so
[88.046s] -- Set runtime path of "/home/kodi86/Documents/ros2-playground/dev_ws/install/turtlesim/lib/libturtlesim__rosidl_typesupport_cpp.so" to ""
[88.046s] -- Installing: /home/kodi86/Documents/ros2-playground/dev_ws/install/turtlesim/share/turtlesim/environment/pythonpath.sh
[88.047s] -- Installing: /home/kodi86/Documents/ros2-playground/dev_ws/install/turtlesim/share/turtlesim/environment/pythonpath.dsv
[88.047s] -- Installing: /home/kodi86/Documents/ros2-playground/dev_ws/install/turtlesim/local/lib/python3.10/dist-packages/turtlesim-1.4.1-py3.10.egg-info
[88.047s] -- Installing: /home/kodi86/Documents/ros2-playground/dev_ws/install/turtlesim/local/lib/python3.10/dist-packages/turtlesim-1.4.1-py3.10.egg-info/PKG-INFO
[88.047s] -- Installing: /home/kodi86/Documents/ros2-playground/dev_ws/install/turtlesim/local/lib/python3.10/dist-packages/turtlesim-1.4.1-py3.10.egg-info/SOURCES.txt
[88.048s] -- Installing: /home/kodi86/Documents/ros2-playground/dev_ws/install/turtlesim/local/lib/python3.10/dist-packages/turtlesim-1.4.1-py3.10.egg-info/top_level.txt
[88.048s] -- Installing: /home/kodi86/Documents/ros2-playground/dev_ws/install/turtlesim/local/lib/python3.10/dist-packages/turtlesim-1.4.1-py3.10.egg-info/dependency_links.txt
[88.048s] -- Installing: /home/kodi86/Documents/ros2-playground/dev_ws/install/turtlesim/local/lib/python3.10/dist-packages/turtlesim
[88.049s] -- Installing: /home/kodi86/Documents/ros2-playground/dev_ws/install/turtlesim/local/lib/python3.10/dist-packages/turtlesim/srv
[88.049s] -- Installing: /home/kodi86/Documents/ros2-playground/dev_ws/install/turtlesim/local/lib/python3.10/dist-packages/turtlesim/srv/_kill.py
[88.049s] -- Installing: /home/kodi86/Documents/ros2-playground/dev_ws/install/turtlesim/local/lib/python3.10/dist-packages/turtlesim/srv/_teleport_relative_s.c
[88.050s] -- Installing: /home/kodi86/Documents/ros2-playground/dev_ws/install/turtlesim/local/lib/python3.10/dist-packages/turtlesim/srv/_teleport_absolute.py
[88.050s] -- Installing: /home/kodi86/Documents/ros2-playground/dev_ws/install/turtlesim/local/lib/python3.10/dist-packages/turtlesim/srv/__init__.py
[88.051s] -- Installing: /home/kodi86/Documents/ros2-playground/dev_ws/install/turtlesim/local/lib/python3.10/dist-packages/turtlesim/srv/_teleport_relative.py
[88.051s] -- Installing: /home/kodi86/Documents/ros2-playground/dev_ws/install/turtlesim/local/lib/python3.10/dist-packages/turtlesim/srv/_set_pen_s.c
[88.051s] -- Installing: /home/kodi86/Documents/ros2-playground/dev_ws/install/turtlesim/local/lib/python3.10/dist-packages/turtlesim/srv/_spawn.py
[88.052s] -- Installing: /home/kodi86/Documents/ros2-playground/dev_ws/install/turtlesim/local/lib/python3.10/dist-packages/turtlesim/srv/_set_pen.py
[88.052s] -- Installing: /home/kodi86/Documents/ros2-playground/dev_ws/install/turtlesim/local/lib/python3.10/dist-packages/turtlesim/srv/_kill_s.c
[88.052s] -- Installing: /home/kodi86/Documents/ros2-playground/dev_ws/install/turtlesim/local/lib/python3.10/dist-packages/turtlesim/srv/_teleport_absolute_s.c
[88.052s] -- Installing: /home/kodi86/Documents/ros2-playground/dev_ws/install/turtlesim/local/lib/python3.10/dist-packages/turtlesim/srv/_spawn_s.c
[88.052s] -- Installing: /home/kodi86/Documents/ros2-playground/dev_ws/install/turtlesim/local/lib/python3.10/dist-packages/turtlesim/libturtlesim__rosidl_generator_py.so
[88.056s] -- Installing: /home/kodi86/Documents/ros2-playground/dev_ws/install/turtlesim/local/lib/python3.10/dist-packages/turtlesim/turtlesim_s__rosidl_typesupport_c.cpython-310-x86_64-linux-gnu.so
[88.056s] -- Installing: /home/kodi86/Documents/ros2-playground/dev_ws/install/turtlesim/local/lib/python3.10/dist-packages/turtlesim/__init__.py
[88.056s] -- Installing: /home/kodi86/Documents/ros2-playground/dev_ws/install/turtlesim/local/lib/python3.10/dist-packages/turtlesim/turtlesim_s__rosidl_typesupport_introspection_c.cpython-310-x86_64-linux-gnu.so
[88.056s] -- Installing: /home/kodi86/Documents/ros2-playground/dev_ws/install/turtlesim/local/lib/python3.10/dist-packages/turtlesim/action
[88.057s] -- Installing: /home/kodi86/Documents/ros2-playground/dev_ws/install/turtlesim/local/lib/python3.10/dist-packages/turtlesim/action/__init__.py
[88.057s] -- Installing: /home/kodi86/Documents/ros2-playground/dev_ws/install/turtlesim/local/lib/python3.10/dist-packages/turtlesim/action/_rotate_absolute_s.c
[88.057s] -- Installing: /home/kodi86/Documents/ros2-playground/dev_ws/install/turtlesim/local/lib/python3.10/dist-packages/turtlesim/action/_rotate_absolute.py
[88.058s] -- Installing: /home/kodi86/Documents/ros2-playground/dev_ws/install/turtlesim/local/lib/python3.10/dist-packages/turtlesim/turtlesim_s__rosidl_typesupport_fastrtps_c.cpython-310-x86_64-linux-gnu.so
[88.059s] -- Installing: /home/kodi86/Documents/ros2-playground/dev_ws/install/turtlesim/local/lib/python3.10/dist-packages/turtlesim/msg
[88.059s] -- Installing: /home/kodi86/Documents/ros2-playground/dev_ws/install/turtlesim/local/lib/python3.10/dist-packages/turtlesim/msg/__init__.py
[88.059s] -- Installing: /home/kodi86/Documents/ros2-playground/dev_ws/install/turtlesim/local/lib/python3.10/dist-packages/turtlesim/msg/_pose_s.c
[88.059s] -- Installing: /home/kodi86/Documents/ros2-playground/dev_ws/install/turtlesim/local/lib/python3.10/dist-packages/turtlesim/msg/_pose.py
[88.059s] -- Installing: /home/kodi86/Documents/ros2-playground/dev_ws/install/turtlesim/local/lib/python3.10/dist-packages/turtlesim/msg/_color_s.c
[88.060s] -- Installing: /home/kodi86/Documents/ros2-playground/dev_ws/install/turtlesim/local/lib/python3.10/dist-packages/turtlesim/msg/_color.py
[88.060s] -- Installing: /home/kodi86/Documents/ros2-playground/dev_ws/install/turtlesim/local/lib/python3.10/dist-packages/turtlesim/_turtlesim_s.ep.rosidl_typesupport_introspection_c.c
[88.061s] -- Installing: /home/kodi86/Documents/ros2-playground/dev_ws/install/turtlesim/local/lib/python3.10/dist-packages/turtlesim/_turtlesim_s.ep.rosidl_typesupport_fastrtps_c.c
[88.061s] -- Installing: /home/kodi86/Documents/ros2-playground/dev_ws/install/turtlesim/local/lib/python3.10/dist-packages/turtlesim/_turtlesim_s.ep.rosidl_typesupport_c.c
[88.127s] Listing '/home/kodi86/Documents/ros2-playground/dev_ws/install/turtlesim/local/lib/python3.10/dist-packages/turtlesim'...
[88.127s] Compiling '/home/kodi86/Documents/ros2-playground/dev_ws/install/turtlesim/local/lib/python3.10/dist-packages/turtlesim/__init__.py'...
[88.127s] Listing '/home/kodi86/Documents/ros2-playground/dev_ws/install/turtlesim/local/lib/python3.10/dist-packages/turtlesim/action'...
[88.127s] Compiling '/home/kodi86/Documents/ros2-playground/dev_ws/install/turtlesim/local/lib/python3.10/dist-packages/turtlesim/action/__init__.py'...
[88.127s] Compiling '/home/kodi86/Documents/ros2-playground/dev_ws/install/turtlesim/local/lib/python3.10/dist-packages/turtlesim/action/_rotate_absolute.py'...
[88.128s] Listing '/home/kodi86/Documents/ros2-playground/dev_ws/install/turtlesim/local/lib/python3.10/dist-packages/turtlesim/msg'...
[88.128s] Compiling '/home/kodi86/Documents/ros2-playground/dev_ws/install/turtlesim/local/lib/python3.10/dist-packages/turtlesim/msg/__init__.py'...
[88.128s] Compiling '/home/kodi86/Documents/ros2-playground/dev_ws/install/turtlesim/local/lib/python3.10/dist-packages/turtlesim/msg/_color.py'...
[88.128s] Compiling '/home/kodi86/Documents/ros2-playground/dev_ws/install/turtlesim/local/lib/python3.10/dist-packages/turtlesim/msg/_pose.py'...
[88.128s] Listing '/home/kodi86/Documents/ros2-playground/dev_ws/install/turtlesim/local/lib/python3.10/dist-packages/turtlesim/srv'...
[88.128s] Compiling '/home/kodi86/Documents/ros2-playground/dev_ws/install/turtlesim/local/lib/python3.10/dist-packages/turtlesim/srv/__init__.py'...
[88.128s] Compiling '/home/kodi86/Documents/ros2-playground/dev_ws/install/turtlesim/local/lib/python3.10/dist-packages/turtlesim/srv/_kill.py'...
[88.128s] Compiling '/home/kodi86/Documents/ros2-playground/dev_ws/install/turtlesim/local/lib/python3.10/dist-packages/turtlesim/srv/_set_pen.py'...
[88.128s] Compiling '/home/kodi86/Documents/ros2-playground/dev_ws/install/turtlesim/local/lib/python3.10/dist-packages/turtlesim/srv/_spawn.py'...
[88.128s] Compiling '/home/kodi86/Documents/ros2-playground/dev_ws/install/turtlesim/local/lib/python3.10/dist-packages/turtlesim/srv/_teleport_absolute.py'...
[88.129s] Compiling '/home/kodi86/Documents/ros2-playground/dev_ws/install/turtlesim/local/lib/python3.10/dist-packages/turtlesim/srv/_teleport_relative.py'...
[88.133s] -- Installing: /home/kodi86/Documents/ros2-playground/dev_ws/install/turtlesim/local/lib/python3.10/dist-packages/turtlesim/turtlesim_s__rosidl_typesupport_fastrtps_c.cpython-310-x86_64-linux-gnu.so
[88.134s] -- Set runtime path of "/home/kodi86/Documents/ros2-playground/dev_ws/install/turtlesim/local/lib/python3.10/dist-packages/turtlesim/turtlesim_s__rosidl_typesupport_fastrtps_c.cpython-310-x86_64-linux-gnu.so" to ""
[88.134s] -- Installing: /home/kodi86/Documents/ros2-playground/dev_ws/install/turtlesim/local/lib/python3.10/dist-packages/turtlesim/turtlesim_s__rosidl_typesupport_introspection_c.cpython-310-x86_64-linux-gnu.so
[88.135s] -- Set runtime path of "/home/kodi86/Documents/ros2-playground/dev_ws/install/turtlesim/local/lib/python3.10/dist-packages/turtlesim/turtlesim_s__rosidl_typesupport_introspection_c.cpython-310-x86_64-linux-gnu.so" to ""
[88.135s] -- Installing: /home/kodi86/Documents/ros2-playground/dev_ws/install/turtlesim/local/lib/python3.10/dist-packages/turtlesim/turtlesim_s__rosidl_typesupport_c.cpython-310-x86_64-linux-gnu.so
[88.136s] -- Set runtime path of "/home/kodi86/Documents/ros2-playground/dev_ws/install/turtlesim/local/lib/python3.10/dist-packages/turtlesim/turtlesim_s__rosidl_typesupport_c.cpython-310-x86_64-linux-gnu.so" to ""
[88.136s] -- Installing: /home/kodi86/Documents/ros2-playground/dev_ws/install/turtlesim/lib/libturtlesim__rosidl_generator_py.so
[88.136s] -- Set runtime path of "/home/kodi86/Documents/ros2-playground/dev_ws/install/turtlesim/lib/libturtlesim__rosidl_generator_py.so" to ""
[88.136s] -- Installing: /home/kodi86/Documents/ros2-playground/dev_ws/install/turtlesim/share/turtlesim/action/RotateAbsolute.idl
[88.136s] -- Installing: /home/kodi86/Documents/ros2-playground/dev_ws/install/turtlesim/share/turtlesim/msg/Color.idl
[88.137s] -- Installing: /home/kodi86/Documents/ros2-playground/dev_ws/install/turtlesim/share/turtlesim/msg/Pose.idl
[88.139s] -- Installing: /home/kodi86/Documents/ros2-playground/dev_ws/install/turtlesim/share/turtlesim/srv/Kill.idl
[88.139s] -- Installing: /home/kodi86/Documents/ros2-playground/dev_ws/install/turtlesim/share/turtlesim/srv/SetPen.idl
[88.139s] -- Installing: /home/kodi86/Documents/ros2-playground/dev_ws/install/turtlesim/share/turtlesim/srv/Spawn.idl
[88.139s] -- Installing: /home/kodi86/Documents/ros2-playground/dev_ws/install/turtlesim/share/turtlesim/srv/TeleportAbsolute.idl
[88.139s] -- Installing: /home/kodi86/Documents/ros2-playground/dev_ws/install/turtlesim/share/turtlesim/srv/TeleportRelative.idl
[88.140s] -- Installing: /home/kodi86/Documents/ros2-playground/dev_ws/install/turtlesim/share/turtlesim/action/RotateAbsolute.action
[88.140s] -- Installing: /home/kodi86/Documents/ros2-playground/dev_ws/install/turtlesim/share/turtlesim/msg/Color.msg
[88.140s] -- Installing: /home/kodi86/Documents/ros2-playground/dev_ws/install/turtlesim/share/turtlesim/msg/Pose.msg
[88.140s] -- Installing: /home/kodi86/Documents/ros2-playground/dev_ws/install/turtlesim/share/turtlesim/srv/Kill.srv
[88.140s] -- Installing: /home/kodi86/Documents/ros2-playground/dev_ws/install/turtlesim/share/turtlesim/srv/Kill_Request.msg
[88.140s] -- Installing: /home/kodi86/Documents/ros2-playground/dev_ws/install/turtlesim/share/turtlesim/srv/Kill_Response.msg
[88.140s] -- Installing: /home/kodi86/Documents/ros2-playground/dev_ws/install/turtlesim/share/turtlesim/srv/SetPen.srv
[88.140s] -- Installing: /home/kodi86/Documents/ros2-playground/dev_ws/install/turtlesim/share/turtlesim/srv/SetPen_Request.msg
[88.140s] -- Installing: /home/kodi86/Documents/ros2-playground/dev_ws/install/turtlesim/share/turtlesim/srv/SetPen_Response.msg
[88.140s] -- Installing: /home/kodi86/Documents/ros2-playground/dev_ws/install/turtlesim/share/turtlesim/srv/Spawn.srv
[88.141s] -- Installing: /home/kodi86/Documents/ros2-playground/dev_ws/install/turtlesim/share/turtlesim/srv/Spawn_Request.msg
[88.141s] -- Installing: /home/kodi86/Documents/ros2-playground/dev_ws/install/turtlesim/share/turtlesim/srv/Spawn_Response.msg
[88.141s] -- Installing: /home/kodi86/Documents/ros2-playground/dev_ws/install/turtlesim/share/turtlesim/srv/TeleportAbsolute.srv
[88.141s] -- Installing: /home/kodi86/Documents/ros2-playground/dev_ws/install/turtlesim/share/turtlesim/srv/TeleportAbsolute_Request.msg
[88.141s] -- Installing: /home/kodi86/Documents/ros2-playground/dev_ws/install/turtlesim/share/turtlesim/srv/TeleportAbsolute_Response.msg
[88.142s] -- Installing: /home/kodi86/Documents/ros2-playground/dev_ws/install/turtlesim/share/turtlesim/srv/TeleportRelative.srv
[88.142s] -- Installing: /home/kodi86/Documents/ros2-playground/dev_ws/install/turtlesim/share/turtlesim/srv/TeleportRelative_Request.msg
[88.142s] -- Installing: /home/kodi86/Documents/ros2-playground/dev_ws/install/turtlesim/share/turtlesim/srv/TeleportRelative_Response.msg
[88.143s] -- Installing: /home/kodi86/Documents/ros2-playground/dev_ws/install/turtlesim/lib/turtlesim/turtlesim_node
[88.152s] -- Set runtime path of "/home/kodi86/Documents/ros2-playground/dev_ws/install/turtlesim/lib/turtlesim/turtlesim_node" to ""
[88.152s] -- Installing: /home/kodi86/Documents/ros2-playground/dev_ws/install/turtlesim/lib/turtlesim/turtle_teleop_key
[88.154s] -- Set runtime path of "/home/kodi86/Documents/ros2-playground/dev_ws/install/turtlesim/lib/turtlesim/turtle_teleop_key" to ""
[88.154s] -- Installing: /home/kodi86/Documents/ros2-playground/dev_ws/install/turtlesim/lib/turtlesim/draw_square
[88.160s] -- Set runtime path of "/home/kodi86/Documents/ros2-playground/dev_ws/install/turtlesim/lib/turtlesim/draw_square" to ""
[88.160s] -- Installing: /home/kodi86/Documents/ros2-playground/dev_ws/install/turtlesim/lib/turtlesim/mimic
[88.166s] -- Set runtime path of "/home/kodi86/Documents/ros2-playground/dev_ws/install/turtlesim/lib/turtlesim/mimic" to ""
[88.166s] -- Installing: /home/kodi86/Documents/ros2-playground/dev_ws/install/turtlesim/share/turtlesim/images
[88.166s] -- Installing: /home/kodi86/Documents/ros2-playground/dev_ws/install/turtlesim/share/turtlesim/images/galactic.png
[88.166s] -- Installing: /home/kodi86/Documents/ros2-playground/dev_ws/install/turtlesim/share/turtlesim/images/dashing.png
[88.166s] -- Installing: /home/kodi86/Documents/ros2-playground/dev_ws/install/turtlesim/share/turtlesim/images/rolling.png
[88.166s] -- Installing: /home/kodi86/Documents/ros2-playground/dev_ws/install/turtlesim/share/turtlesim/images/humble.png
[88.166s] -- Installing: /home/kodi86/Documents/ros2-playground/dev_ws/install/turtlesim/share/turtlesim/images/ardent.png
[88.167s] -- Installing: /home/kodi86/Documents/ros2-playground/dev_ws/install/turtlesim/share/turtlesim/images/foxy.png
[88.167s] -- Installing: /home/kodi86/Documents/ros2-playground/dev_ws/install/turtlesim/share/turtlesim/images/bouncy.png
[88.167s] -- Installing: /home/kodi86/Documents/ros2-playground/dev_ws/install/turtlesim/share/turtlesim/images/crystal.png
[88.167s] -- Installing: /home/kodi86/Documents/ros2-playground/dev_ws/install/turtlesim/share/turtlesim/images/eloquent.png
[88.168s] -- Installing: /home/kodi86/Documents/ros2-playground/dev_ws/install/turtlesim/share/turtlesim/launch
[88.168s] -- Installing: /home/kodi86/Documents/ros2-playground/dev_ws/install/turtlesim/share/turtlesim/launch/multisim.launch.py
[88.168s] -- Installing: /home/kodi86/Documents/ros2-playground/dev_ws/install/turtlesim/share/ament_index/resource_index/package_run_dependencies/turtlesim
[88.169s] -- Installing: /home/kodi86/Documents/ros2-playground/dev_ws/install/turtlesim/share/ament_index/resource_index/parent_prefix_path/turtlesim
[88.169s] -- Installing: /home/kodi86/Documents/ros2-playground/dev_ws/install/turtlesim/share/turtlesim/environment/ament_prefix_path.sh
[88.170s] -- Installing: /home/kodi86/Documents/ros2-playground/dev_ws/install/turtlesim/share/turtlesim/environment/ament_prefix_path.dsv
[88.170s] -- Installing: /home/kodi86/Documents/ros2-playground/dev_ws/install/turtlesim/share/turtlesim/environment/path.sh
[88.170s] -- Installing: /home/kodi86/Documents/ros2-playground/dev_ws/install/turtlesim/share/turtlesim/environment/path.dsv
[88.170s] -- Installing: /home/kodi86/Documents/ros2-playground/dev_ws/install/turtlesim/share/turtlesim/local_setup.bash
[88.171s] -- Installing: /home/kodi86/Documents/ros2-playground/dev_ws/install/turtlesim/share/turtlesim/local_setup.sh
[88.171s] -- Installing: /home/kodi86/Documents/ros2-playground/dev_ws/install/turtlesim/share/turtlesim/local_setup.zsh
[88.171s] -- Installing: /home/kodi86/Documents/ros2-playground/dev_ws/install/turtlesim/share/turtlesim/local_setup.dsv
[88.172s] -- Installing: /home/kodi86/Documents/ros2-playground/dev_ws/install/turtlesim/share/turtlesim/package.dsv
[88.172s] -- Installing: /home/kodi86/Documents/ros2-playground/dev_ws/install/turtlesim/share/ament_index/resource_index/packages/turtlesim
[88.172s] -- Installing: /home/kodi86/Documents/ros2-playground/dev_ws/install/turtlesim/share/turtlesim/cmake/export_turtlesim__rosidl_generator_cExport.cmake
[88.172s] -- Installing: /home/kodi86/Documents/ros2-playground/dev_ws/install/turtlesim/share/turtlesim/cmake/export_turtlesim__rosidl_generator_cExport-noconfig.cmake
[88.173s] -- Installing: /home/kodi86/Documents/ros2-playground/dev_ws/install/turtlesim/share/turtlesim/cmake/export_turtlesim__rosidl_typesupport_fastrtps_cExport.cmake
[88.173s] -- Installing: /home/kodi86/Documents/ros2-playground/dev_ws/install/turtlesim/share/turtlesim/cmake/export_turtlesim__rosidl_typesupport_fastrtps_cExport-noconfig.cmake
[88.173s] -- Installing: /home/kodi86/Documents/ros2-playground/dev_ws/install/turtlesim/share/turtlesim/cmake/export_turtlesim__rosidl_generator_cppExport.cmake
[88.173s] -- Installing: /home/kodi86/Documents/ros2-playground/dev_ws/install/turtlesim/share/turtlesim/cmake/export_turtlesim__rosidl_typesupport_fastrtps_cppExport.cmake
[88.174s] -- Installing: /home/kodi86/Documents/ros2-playground/dev_ws/install/turtlesim/share/turtlesim/cmake/export_turtlesim__rosidl_typesupport_fastrtps_cppExport-noconfig.cmake
[88.174s] -- Installing: /home/kodi86/Documents/ros2-playground/dev_ws/install/turtlesim/share/turtlesim/cmake/turtlesim__rosidl_typesupport_introspection_cExport.cmake
[88.174s] -- Installing: /home/kodi86/Documents/ros2-playground/dev_ws/install/turtlesim/share/turtlesim/cmake/turtlesim__rosidl_typesupport_introspection_cExport-noconfig.cmake
[88.175s] -- Installing: /home/kodi86/Documents/ros2-playground/dev_ws/install/turtlesim/share/turtlesim/cmake/turtlesim__rosidl_typesupport_cExport.cmake
[88.175s] -- Installing: /home/kodi86/Documents/ros2-playground/dev_ws/install/turtlesim/share/turtlesim/cmake/turtlesim__rosidl_typesupport_cExport-noconfig.cmake
[88.175s] -- Installing: /home/kodi86/Documents/ros2-playground/dev_ws/install/turtlesim/share/turtlesim/cmake/turtlesim__rosidl_typesupport_introspection_cppExport.cmake
[88.176s] -- Installing: /home/kodi86/Documents/ros2-playground/dev_ws/install/turtlesim/share/turtlesim/cmake/turtlesim__rosidl_typesupport_introspection_cppExport-noconfig.cmake
[88.185s] -- Installing: /home/kodi86/Documents/ros2-playground/dev_ws/install/turtlesim/share/turtlesim/cmake/turtlesim__rosidl_typesupport_cppExport.cmake
[88.186s] -- Installing: /home/kodi86/Documents/ros2-playground/dev_ws/install/turtlesim/share/turtlesim/cmake/turtlesim__rosidl_typesupport_cppExport-noconfig.cmake
[88.186s] -- Installing: /home/kodi86/Documents/ros2-playground/dev_ws/install/turtlesim/share/turtlesim/cmake/export_turtlesim__rosidl_generator_pyExport.cmake
[88.186s] -- Installing: /home/kodi86/Documents/ros2-playground/dev_ws/install/turtlesim/share/turtlesim/cmake/export_turtlesim__rosidl_generator_pyExport-noconfig.cmake
[88.186s] -- Installing: /home/kodi86/Documents/ros2-playground/dev_ws/install/turtlesim/share/turtlesim/cmake/rosidl_cmake-extras.cmake
[88.186s] -- Installing: /home/kodi86/Documents/ros2-playground/dev_ws/install/turtlesim/share/turtlesim/cmake/ament_cmake_export_dependencies-extras.cmake
[88.186s] -- Installing: /home/kodi86/Documents/ros2-playground/dev_ws/install/turtlesim/share/turtlesim/cmake/ament_cmake_export_include_directories-extras.cmake
[88.186s] -- Installing: /home/kodi86/Documents/ros2-playground/dev_ws/install/turtlesim/share/turtlesim/cmake/ament_cmake_export_libraries-extras.cmake
[88.187s] -- Installing: /home/kodi86/Documents/ros2-playground/dev_ws/install/turtlesim/share/turtlesim/cmake/ament_cmake_export_targets-extras.cmake
[88.187s] -- Installing: /home/kodi86/Documents/ros2-playground/dev_ws/install/turtlesim/share/turtlesim/cmake/rosidl_cmake_export_typesupport_targets-extras.cmake
[88.187s] -- Installing: /home/kodi86/Documents/ros2-playground/dev_ws/install/turtlesim/share/turtlesim/cmake/rosidl_cmake_export_typesupport_libraries-extras.cmake
[88.187s] -- Installing: /home/kodi86/Documents/ros2-playground/dev_ws/install/turtlesim/share/turtlesim/cmake/turtlesimConfig.cmake
[88.187s] -- Installing: /home/kodi86/Documents/ros2-playground/dev_ws/install/turtlesim/share/turtlesim/cmake/turtlesimConfig-version.cmake
[88.187s] -- Installing: /home/kodi86/Documents/ros2-playground/dev_ws/install/turtlesim/share/turtlesim/package.xml
[88.188s] Invoked command in '/home/kodi86/Documents/ros2-playground/dev_ws/build/turtlesim' returned '0': CMAKE_PREFIX_PATH=/opt/ros/humble /usr/bin/cmake --install /home/kodi86/Documents/ros2-playground/dev_ws/build/turtlesim
